\BOOKMARK [1][-]{section.0.1}{Definitions}{}% 1
\BOOKMARK [2][-]{subsection.0.1.1}{Infinite Decimal}{section.0.1}% 2
\BOOKMARK [3][-]{section*.6}{Repeating infinite decimal}{subsection.0.1.1}% 3
\BOOKMARK [2][-]{subsection.0.1.2}{Finite Decimal}{section.0.1}% 4
\BOOKMARK [2][-]{subsection.0.1.3}{Irrational number}{section.0.1}% 5
\BOOKMARK [2][-]{subsection.0.1.4}{Density}{section.0.1}% 6
\BOOKMARK [2][-]{subsection.0.1.5}{Accumulation Point}{section.0.1}% 7
\BOOKMARK [2][-]{subsection.0.1.6}{Convergence}{section.0.1}% 8
\BOOKMARK [2][-]{subsection.0.1.7}{Local Behavior}{section.0.1}% 9
\BOOKMARK [2][-]{subsection.0.1.8}{Restriction}{section.0.1}% 10
\BOOKMARK [2][-]{subsection.0.1.9}{Limit at infinity}{section.0.1}% 11
\BOOKMARK [2][-]{subsection.0.1.10}{Sequence}{section.0.1}% 12
\BOOKMARK [2][-]{subsection.0.1.11}{Bounded sequence}{section.0.1}% 13
\BOOKMARK [2][-]{subsection.0.1.12}{Null Sequence}{section.0.1}% 14
\BOOKMARK [2][-]{subsection.0.1.13}{Continuous function}{section.0.1}% 15
\BOOKMARK [2][-]{subsection.0.1.14}{Removable Discontinuity}{section.0.1}% 16
\BOOKMARK [2][-]{subsection.0.1.15}{Right-Sided Continuity}{section.0.1}% 17
\BOOKMARK [2][-]{subsection.0.1.16}{Left-Sided Continuity}{section.0.1}% 18
\BOOKMARK [2][-]{subsection.0.1.17}{Upper Bound}{section.0.1}% 19
\BOOKMARK [2][-]{subsection.0.1.18}{Lower Bound}{section.0.1}% 20
\BOOKMARK [2][-]{subsection.0.1.19}{Maximum}{section.0.1}% 21
\BOOKMARK [2][-]{subsection.0.1.20}{Minimum}{section.0.1}% 22
\BOOKMARK [2][-]{subsection.0.1.21}{Supremum or Least Upper Bound}{section.0.1}% 23
\BOOKMARK [2][-]{subsection.0.1.22}{Infimum or Greatest Lower Bound}{section.0.1}% 24
\BOOKMARK [2][-]{subsection.0.1.23}{Intermediate Value Property}{section.0.1}% 25
\BOOKMARK [2][-]{subsection.0.1.24}{Countable}{section.0.1}% 26
\BOOKMARK [2][-]{subsection.0.1.25}{Increasing}{section.0.1}% 27
\BOOKMARK [2][-]{subsection.0.1.26}{Decreasing}{section.0.1}% 28
\BOOKMARK [2][-]{subsection.0.1.27}{Monotone}{section.0.1}% 29
\BOOKMARK [2][-]{subsection.0.1.28}{Jump Discontinuity}{section.0.1}% 30
\BOOKMARK [2][-]{subsection.0.1.29}{Bounded Function}{section.0.1}% 31
\BOOKMARK [2][-]{subsection.0.1.30}{Compact Interval}{section.0.1}% 32
\BOOKMARK [2][-]{subsection.0.1.31}{Uniform Continuity}{section.0.1}% 33
\BOOKMARK [2][-]{subsection.0.1.32}{Differentiable}{section.0.1}% 34
\BOOKMARK [2][-]{subsection.0.1.33}{Right-hand Derivative}{section.0.1}% 35
\BOOKMARK [2][-]{subsection.0.1.34}{Left-hand Derivative}{section.0.1}% 36
\BOOKMARK [2][-]{subsection.0.1.35}{Local Maximum}{section.0.1}% 37
\BOOKMARK [2][-]{subsection.0.1.36}{Local Minimum}{section.0.1}% 38
\BOOKMARK [2][-]{subsection.0.1.37}{Partition}{section.0.1}% 39
\BOOKMARK [2][-]{subsection.0.1.38}{Step Function}{section.0.1}% 40
\BOOKMARK [2][-]{subsection.0.1.39}{Lower Step Function}{section.0.1}% 41
\BOOKMARK [2][-]{subsection.0.1.40}{Upper Step Function}{section.0.1}% 42
\BOOKMARK [2][-]{subsection.0.1.41}{Lower Integral}{section.0.1}% 43
\BOOKMARK [2][-]{subsection.0.1.42}{Upper Integral}{section.0.1}% 44
\BOOKMARK [2][-]{subsection.0.1.43}{Riemann Integrable}{section.0.1}% 45
\BOOKMARK [2][-]{subsection.0.1.44}{Refinement}{section.0.1}% 46
\BOOKMARK [2][-]{subsection.0.1.45}{Positive part}{section.0.1}% 47
\BOOKMARK [2][-]{subsection.0.1.46}{Negative part}{section.0.1}% 48
\BOOKMARK [1][-]{section.0.2}{Theorems, Lemmas, Corollaries, and Proofs}{}% 49
\BOOKMARK [2][-]{subsection.0.2.1}{Theorem 1.1.1}{section.0.2}% 50
\BOOKMARK [2][-]{subsection.0.2.2}{Theorem 1.1.2}{section.0.2}% 51
\BOOKMARK [2][-]{subsection.0.2.3}{Lemma 1.1.4 \(Archimedean property\)}{section.0.2}% 52
\BOOKMARK [2][-]{subsection.0.2.4}{Corollary 1.1.5}{section.0.2}% 53
\BOOKMARK [2][-]{subsection.0.2.5}{Theorem 1.1.6 \(Density of the Rationals in the Reals\)}{section.0.2}% 54
\BOOKMARK [2][-]{subsection.0.2.6}{Theorem 1.1.8 \(Density of Irrationals in the Reals\)}{section.0.2}% 55
\BOOKMARK [2][-]{subsection.0.2.7}{Theorem 1.3.12 \(Local boundedness\)}{section.0.2}% 56
\BOOKMARK [2][-]{subsection.0.2.8}{Lemma 1.4.2 \(Constant multiple rule\)}{section.0.2}% 57
\BOOKMARK [2][-]{subsection.0.2.9}{Theorem 1.4.1 \(Linearity\)}{section.0.2}% 58
\BOOKMARK [2][-]{subsection.0.2.10}{Lemma 1.4.4 \(Sum Rule\)}{section.0.2}% 59
\BOOKMARK [2][-]{subsection.0.2.11}{Theorem 1.4.6 \(Product Rule\)}{section.0.2}% 60
\BOOKMARK [2][-]{subsection.0.2.12}{Theorem 1.4.9 \(Quotient Rule\)}{section.0.2}% 61
\BOOKMARK [2][-]{subsection.0.2.13}{Theorem 1.4.14 \(Composition Rule\)}{section.0.2}% 62
\BOOKMARK [2][-]{subsection.0.2.14}{Theorem 1.4.16 \(Squeeze Theorem\)}{section.0.2}% 63
\BOOKMARK [2][-]{subsection.0.2.15}{Theorem 1.4.19}{section.0.2}% 64
\BOOKMARK [2][-]{subsection.0.2.16}{Corollary 1.4.20}{section.0.2}% 65
\BOOKMARK [2][-]{subsection.0.2.17}{Theorem \(Convergence of Bounded Sequences\)}{section.0.2}% 66
\BOOKMARK [2][-]{subsection.0.2.18}{Theorem \(Threshold of Convergent Sequences\)}{section.0.2}% 67
\BOOKMARK [2][-]{subsection.0.2.19}{Theorem \(Properties of Convergent Sequences\)}{section.0.2}% 68
\BOOKMARK [2][-]{subsection.0.2.20}{Theorem 2.1.1 \(Continuity of Composed Functions\)}{section.0.2}% 69
\BOOKMARK [2][-]{subsection.0.2.21}{Theorem 3.1.5 \(Order Completeness\)}{section.0.2}% 70
\BOOKMARK [2][-]{subsection.0.2.22}{Theorem 3.1.8 \(Greatest Lower Bound Theorem\)}{section.0.2}% 71
\BOOKMARK [2][-]{subsection.0.2.23}{Theorem 3.2.1 \(Interval Theorem\)}{section.0.2}% 72
\BOOKMARK [2][-]{subsection.0.2.24}{Theorem 3.3.2 \(Nested Interval Theorem\)}{section.0.2}% 73
\BOOKMARK [2][-]{subsection.0.2.25}{Corollary 3.3.4 \(Binary Nested Interval Theorem\)}{section.0.2}% 74
\BOOKMARK [2][-]{subsection.0.2.26}{Theorem 3.5.1 \(Roots of an Exponential\)}{section.0.2}% 75
\BOOKMARK [2][-]{subsection.0.2.27}{Theorem 3.5.4 \(Irrationality of the Square Root of Two\)}{section.0.2}% 76
\BOOKMARK [2][-]{subsection.0.2.28}{Lemma \(Finite Union of Countable Sets\)}{section.0.2}% 77
\BOOKMARK [2][-]{subsection.0.2.29}{Lemma \(Infinite Union of Finite Sets\)}{section.0.2}% 78
\BOOKMARK [2][-]{subsection.0.2.30}{Theorem 4.1.5 \(Infinite Union of Countable Sets\)}{section.0.2}% 79
\BOOKMARK [2][-]{subsection.0.2.31}{Theorem 4.1.7 \(Cantor\)}{section.0.2}% 80
\BOOKMARK [2][-]{subsection.0.2.32}{Theorem 4.2.1}{section.0.2}% 81
\BOOKMARK [2][-]{subsection.0.2.33}{Theorem \(Cantor-Bernstein-Schr\366der Theorem\)}{section.0.2}% 82
\BOOKMARK [2][-]{subsection.0.2.34}{Theorem \(Jump Discontinuity Theorem\)}{section.0.2}% 83
\BOOKMARK [2][-]{subsection.0.2.35}{Corollary 5.1.4}{section.0.2}% 84
\BOOKMARK [2][-]{subsection.0.2.36}{Theorem 5.1.6 \(Continuity Theorem for Monotone Functions\)}{section.0.2}% 85
\BOOKMARK [2][-]{subsection.0.2.37}{Corollary 5.1.8}{section.0.2}% 86
\BOOKMARK [2][-]{subsection.0.2.38}{Corollary 5.1.9}{section.0.2}% 87
\BOOKMARK [2][-]{subsection.0.2.39}{Corollary 5.1.10}{section.0.2}% 88
\BOOKMARK [2][-]{subsection.0.2.40}{Theorem 5.2.1 \(Bolzano's Intermediate Value Theorem\)}{section.0.2}% 89
\BOOKMARK [2][-]{subsection.0.2.41}{Theorem 5.2.2 \(Intermediate Value Theorem\)}{section.0.2}% 90
\BOOKMARK [2][-]{subsection.0.2.42}{Corollary 5.2.3}{section.0.2}% 91
\BOOKMARK [2][-]{subsection.0.2.43}{Theorem 5.5.3 \(Global Boundedness Theorem\)}{section.0.2}% 92
\BOOKMARK [2][-]{subsection.0.2.44}{Theorem 5.3.5 \(Extreme Value Theorem\)}{section.0.2}% 93
\BOOKMARK [2][-]{subsection.0.2.45}{Corollary 5.3.6}{section.0.2}% 94
\BOOKMARK [2][-]{subsection.0.2.46}{Lemma 5.4.5}{section.0.2}% 95
\BOOKMARK [2][-]{subsection.0.2.47}{Theorem 5.4.6 \(Uniform Continuity Theorem\)}{section.0.2}% 96
\BOOKMARK [2][-]{subsection.0.2.48}{Theorem \(Product Rule\)}{section.0.2}% 97
\BOOKMARK [2][-]{subsection.0.2.49}{Theorem \(Chain Rule\)}{section.0.2}% 98
\BOOKMARK [2][-]{subsection.0.2.50}{Theorem \(Quotient Rule\)}{section.0.2}% 99
\BOOKMARK [2][-]{subsection.0.2.51}{Lemma 7.1.1}{section.0.2}% 100
\BOOKMARK [2][-]{subsection.0.2.52}{Lemma 7.1.8}{section.0.2}% 101
\BOOKMARK [2][-]{subsection.0.2.53}{Corollary 7.1.9}{section.0.2}% 102
\BOOKMARK [2][-]{subsection.0.2.54}{Lemma 7.1.11}{section.0.2}% 103
\BOOKMARK [2][-]{subsection.0.2.55}{ Lemma 7.2.1}{section.0.2}% 104
\BOOKMARK [2][-]{subsection.0.2.56}{Corollary 7.2.2}{section.0.2}% 105
\BOOKMARK [2][-]{subsection.0.2.57}{Theorem 7.2.3 \(Existence Theorem for Integrals\)}{section.0.2}% 106
\BOOKMARK [2][-]{subsection.0.2.58}{Corollary 7.2.4}{section.0.2}% 107
\BOOKMARK [2][-]{subsection.0.2.59}{Theorem 7.2.5 \(Evaluation Theorem for Integrals\)}{section.0.2}% 108
\BOOKMARK [2][-]{subsection.0.2.60}{Theorem 7.3.1}{section.0.2}% 109
\BOOKMARK [2][-]{subsection.0.2.61}{Theorem 7.3.2}{section.0.2}% 110
\BOOKMARK [2][-]{subsection.0.2.62}{Theorem 7.3.3}{section.0.2}% 111
\BOOKMARK [2][-]{subsection.0.2.63}{Theorem 7.4.1}{section.0.2}% 112
\BOOKMARK [1][-]{section.0.3}{Version History}{}% 113
\BOOKMARK [2][-]{subsection.0.3.1}{v0.0.0 \(4/2/2020\)}{section.0.3}% 114
\BOOKMARK [2][-]{subsection.0.3.2}{v0.0.1 \(4/2/2020\)}{section.0.3}% 115
\BOOKMARK [2][-]{subsection.0.3.3}{v0.0.2 \(4/7/2020\)}{section.0.3}% 116
\BOOKMARK [2][-]{subsection.0.3.4}{v0.0.3 \(4/14/2020\)}{section.0.3}% 117
\BOOKMARK [2][-]{subsection.0.3.5}{v0.0.4 \(4/19/2020\)}{section.0.3}% 118
\BOOKMARK [2][-]{subsection.0.3.6}{v0.0.5 \(4/21/2020\)}{section.0.3}% 119
